+ ICONS_INPUT_DIR=icons
+ ICONS_OUTPUT_DIR=icons/dist
+ MAIN_INPUT_SVG=icons/main.svg
+ MAIN_OUTPUT_ICO=icons/dist/main.ico
+ MAIN_OUTPUT_PNG_PREFIX=icons/dist/main_
+ MAIN_OUTPUT_PNG_SUFFIX=.png
+ MAIN_PNG_SIZES=(128 144 256 512)
+ CONVERT_ARGS_REPRODUCIBLE=-define
+ png:exclude-chunks=date,time
./create_images.sh: line 18: png:exclude-chunks=date,time: command not found
+ convert --version
Version: ImageMagick 7.1.1-31 Q16-HDRI x86_64 22148 https://imagemagick.org
Copyright: (C) 1999 ImageMagick Studio LLC
License: https://imagemagick.org/script/license.php
Features: Cipher DPC HDRI Modules OpenCL OpenMP(4.5) 
Delegates (built-in): bzlib cairo djvu fftw fontconfig freetype heic jbig jng jp2 jpeg jxl lcms lqr ltdl lzma openexr pangocairo png raqm raw rsvg tiff webp wmf x xml zip zlib zstd
Compiler: gcc (13.2)
+ mkdir -p icons/dist
+ convert -background none icons/main.svg -define icon:auto-resize=128,64,48,32,16 icons/dist/main.ico
+ for PNG_SIZE in "${MAIN_PNG_SIZES[@]}"
+ convert -background none -size 128x128 icons/main.svg icons/dist/main_128.png
+ for PNG_SIZE in "${MAIN_PNG_SIZES[@]}"
+ convert -background none -size 144x144 icons/main.svg icons/dist/main_144.png
+ for PNG_SIZE in "${MAIN_PNG_SIZES[@]}"
+ convert -background none -size 256x256 icons/main.svg icons/dist/main_256.png
+ for PNG_SIZE in "${MAIN_PNG_SIZES[@]}"
+ convert -background none -size 512x512 icons/main.svg icons/dist/main_512.png
